2024-06-06 01:42:51.407 [info] Added views:workbench.panel.markers.view in workbench.panel.markers
2024-06-06 01:42:51.407 [info] Added views:workbench.panel.output in workbench.panel.output
2024-06-06 01:42:51.407 [info] Added views:terminal in terminal
2024-06-06 01:42:51.407 [info] Added views:outline in workbench.view.explorer
2024-06-06 01:42:51.407 [info] Added views:workbench.scm in workbench.view.scm
2024-06-06 01:42:51.407 [info] Added views:workbench.view.search in workbench.view.search
2024-06-06 01:42:51.407 [info] Added views:timeline in workbench.view.explorer
2024-06-06 01:42:51.407 [info] Added views:workbench.explorer.fileView in workbench.view.explorer
2024-06-06 01:42:51.573 [info] Added views:workbench.debug.welcome in workbench.view.debug
2024-06-06 01:42:51.607 [info] Added views:workbench.panel.repl.view in workbench.panel.repl
2024-06-06 01:42:51.724 [info] Added views:~remote.forwardedPorts in ~remote.forwardedPortsContainer
2024-06-06 01:43:04.840 [info] Added views:workbench.views.extensions.installed,workbench.views.extensions.popular,extensions.recommendedList in workbench.view.extensions
2024-06-06 01:43:04.842 [info] Removed views:workbench.views.extensions.popular from workbench.view.extensions
2024-06-06 01:43:07.049 [info] Removed views:extensions.recommendedList,workbench.views.extensions.installed from workbench.view.extensions
2024-06-06 01:43:07.054 [info] Added views:workbench.views.extensions.marketplace in workbench.view.extensions
2024-06-06 01:43:29.475 [info] Added views:gitlens.views.home,gitlens.views.workspaces,gitlens.views.account in workbench.view.extension.gitlens
2024-06-06 01:43:29.476 [info] Added views:gitlens.views.commitDetails,gitlens.views.lineHistory,gitlens.views.fileHistory,gitlens.views.searchAndCompare in workbench.view.extension.gitlensInspect
2024-06-06 01:43:29.477 [info] Added views:gitlens.views.commits,gitlens.views.branches,gitlens.views.remotes,gitlens.views.stashes,gitlens.views.tags,gitlens.views.contributors in workbench.view.scm
2024-06-06 01:43:29.641 [info] Removed views:gitlens.views.searchAndCompare,gitlens.views.fileHistory,gitlens.views.lineHistory,gitlens.views.commitDetails from workbench.view.extension.gitlensInspect
2024-06-06 01:43:29.642 [info] Removed views:gitlens.views.contributors,gitlens.views.tags,gitlens.views.stashes,gitlens.views.remotes,gitlens.views.branches,gitlens.views.commits from workbench.view.scm
2024-06-06 01:43:29.679 [info] Added views:gitlens.views.drafts in workbench.view.extension.gitlens
2024-06-06 01:43:29.728 [info] Added views:gitlens.views.commitDetails,gitlens.views.lineHistory,gitlens.views.fileHistory,gitlens.views.searchAndCompare in workbench.view.extension.gitlensInspect
2024-06-06 01:43:29.728 [info] Added views:gitlens.views.commits,gitlens.views.branches,gitlens.views.remotes,gitlens.views.stashes,gitlens.views.tags,gitlens.views.contributors in workbench.view.scm
2024-06-06 01:43:30.955 [info] Added views:gitlens.views.graph,gitlens.views.graphDetails in workbench.view.extension.gitlensPanel
2024-06-06 01:43:30.956 [info] Added views:gitlens.views.timeline in workbench.view.extension.gitlensInspect
2024-06-06 01:43:30.957 [info] Added views:gitlens.views.worktrees in workbench.view.scm
2024-06-06 01:44:19.207 [info] Added views:bookmarksExplorer,bookmarksHelpAndFeedback in workbench.view.extension.bookmarks
2024-06-06 01:44:19.208 [info] Added views:todo-tree-view in workbench.view.extension.todo-tree-container
2024-06-06 01:53:35.860 [info] Added views:gitBlameDiffView,gitBlameFileView,gitBlameLineView,gitBlameBranchView,gitBlameLogView,gitBlameDocumentView,gitBlameVisibleCommitsView,git-blame.views.author,git-blame.treeViews.message,git-blame.views.search in workbench.view.extension.git-blame-explorer
2024-06-06 02:09:59.744 [info] Removed views:git-blame.views.search,git-blame.treeViews.message,git-blame.views.author,gitBlameVisibleCommitsView,gitBlameDocumentView,gitBlameLogView,gitBlameBranchView,gitBlameLineView,gitBlameFileView,gitBlameDiffView from workbench.view.extension.git-blame-explorer
2024-06-06 02:10:51.291 [info] Added views:gitBlameDiffView,gitBlameFileView,gitBlameLineView,gitBlameBranchView,gitBlameLogView,gitBlameDocumentView,gitBlameVisibleCommitsView,git-blame.views.author,git-blame.treeViews.message,git-blame.views.search in workbench.view.extension.git-blame-explorer
2024-06-06 02:11:08.458 [info] Removed views:git-blame.views.search,git-blame.treeViews.message,git-blame.views.author,gitBlameVisibleCommitsView,gitBlameDocumentView,gitBlameLogView,gitBlameBranchView,gitBlameLineView,gitBlameFileView,gitBlameDiffView from workbench.view.extension.git-blame-explorer
2024-06-06 02:11:12.961 [info] Added views:gitBlameDiffView,gitBlameFileView,gitBlameLineView,gitBlameBranchView,gitBlameLogView,gitBlameDocumentView,gitBlameVisibleCommitsView,git-blame.views.author,git-blame.treeViews.message,git-blame.views.search in workbench.view.extension.git-blame-explorer
2024-06-06 02:11:15.028 [info] Removed views:git-blame.views.search,git-blame.treeViews.message,git-blame.views.author,gitBlameVisibleCommitsView,gitBlameDocumentView,gitBlameLogView,gitBlameBranchView,gitBlameLineView,gitBlameFileView,gitBlameDiffView from workbench.view.extension.git-blame-explorer
2024-06-06 02:13:11.577 [info] Added views:gitBlameDiffView,gitBlameFileView,gitBlameLineView,gitBlameBranchView,gitBlameLogView,gitBlameDocumentView,gitBlameVisibleCommitsView,git-blame.views.author,git-blame.treeViews.message,git-blame.views.search in workbench.view.extension.git-blame-explorer
2024-06-06 02:13:24.970 [info] Removed views:git-blame.views.search,git-blame.treeViews.message,git-blame.views.author,gitBlameVisibleCommitsView,gitBlameDocumentView,gitBlameLogView,gitBlameBranchView,gitBlameLineView,gitBlameFileView,gitBlameDiffView from workbench.view.extension.git-blame-explorer
2024-06-06 02:14:24.472 [info] Added views:gitBlameDiffView,gitBlameFileView,gitBlameLineView,gitBlameBranchView,gitBlameLogView,gitBlameDocumentView,gitBlameVisibleCommitsView,git-blame.views.author,git-blame.treeViews.message,git-blame.views.search in workbench.view.extension.git-blame-explorer
2024-06-06 02:15:14.563 [info] Removed views:workbench.panel.repl.view from workbench.panel.repl
2024-06-06 02:15:14.630 [info] Added views:workbench.panel.repl.view in workbench.panel.repl
2024-06-06 02:15:14.770 [info] Removed views:gitlens.views.graphDetails,gitlens.views.graph from workbench.view.extension.gitlensPanel
2024-06-06 02:15:14.771 [info] Removed views:gitlens.views.searchAndCompare,gitlens.views.timeline,gitlens.views.fileHistory,gitlens.views.lineHistory,gitlens.views.commitDetails from workbench.view.extension.gitlensInspect
2024-06-06 02:15:14.774 [info] Removed views:gitlens.views.contributors,gitlens.views.worktrees,gitlens.views.tags,gitlens.views.stashes,gitlens.views.remotes,gitlens.views.branches,gitlens.views.commits from workbench.view.scm
2024-06-06 02:15:14.952 [info] Added views:gitlens.views.graph,gitlens.views.graphDetails in workbench.view.extension.gitlensPanel
2024-06-06 02:15:14.953 [info] Added views:gitlens.views.commitDetails,gitlens.views.lineHistory,gitlens.views.fileHistory,gitlens.views.timeline,gitlens.views.searchAndCompare in workbench.view.extension.gitlensInspect
2024-06-06 02:15:14.965 [info] Added views:gitlens.views.commits,gitlens.views.branches,gitlens.views.remotes,gitlens.views.stashes,gitlens.views.tags,gitlens.views.worktrees,gitlens.views.contributors in workbench.view.scm
2024-06-06 02:18:24.161 [info] Removed views:git-blame.views.search,git-blame.treeViews.message,git-blame.views.author,gitBlameVisibleCommitsView,gitBlameDocumentView,gitBlameLogView,gitBlameBranchView,gitBlameLineView,gitBlameFileView,gitBlameDiffView from workbench.view.extension.git-blame-explorer
2024-06-06 02:23:48.640 [info] Added views:gitBlameDiffView,gitBlameFileView,gitBlameLineView,gitBlameBranchView,gitBlameLogView,gitBlameDocumentView,gitBlameVisibleCommitsView,git-blame.views.author,git-blame.treeViews.message,git-blame.views.search in workbench.view.extension.git-blame-explorer
