2024-06-06 01:42:51.730 [info] Reading sessions from keychain...
2024-06-06 01:42:51.730 [info] Getting sessions for all scopes...
2024-06-06 01:42:51.733 [info] Got 0 sessions for ...
2024-06-06 01:42:51.733 [info] Getting sessions for read:user,repo,user:email,workflow...
2024-06-06 01:42:51.733 [info] Got 0 sessions for read:user,repo,user:email,workflow...
2024-06-06 01:42:51.750 [info] Getting sessions for all scopes...
2024-06-06 01:42:51.750 [info] Got 0 sessions for ...
2024-06-06 01:43:29.698 [info] Getting sessions for all scopes...
2024-06-06 01:43:29.698 [info] Got 0 sessions for ...
2024-06-06 01:43:29.710 [info] Getting sessions for read:user,repo,user:email...
2024-06-06 01:43:29.710 [info] Got 0 sessions for read:user,repo,user:email...
2024-06-06 02:15:14.907 [info] Reading sessions from keychain...
2024-06-06 02:15:14.907 [info] Getting sessions for all scopes...
2024-06-06 02:15:14.907 [info] Got 0 sessions for ...
2024-06-06 02:15:14.907 [info] Getting sessions for all scopes...
2024-06-06 02:15:14.907 [info] Got 0 sessions for ...
2024-06-06 02:15:14.907 [info] Getting sessions for read:user,repo,user:email...
2024-06-06 02:15:14.907 [info] Got 0 sessions for read:user,repo,user:email...
2024-06-06 02:15:15.034 [info] Getting sessions for read:user,repo,user:email,workflow...
2024-06-06 02:15:15.034 [info] Got 0 sessions for read:user,repo,user:email,workflow...
