2024-06-06 01:42:51.590 [info] Extension host with pid 143395 started
2024-06-06 01:42:51.590 [info] Skipping acquiring lock for /home/lichti/.config/Code - OSS/User/workspaceStorage/7a55567be6af62697c2664ef78492a12.
2024-06-06 01:42:51.604 [info] ExtensionService#_doActivateExtension vscode.emmet, startup: false, activationEvent: 'onLanguage'
2024-06-06 01:42:51.625 [info] ExtensionService#_doActivateExtension vscode.git-base, startup: true, activationEvent: '*', root cause: vscode.git
2024-06-06 01:42:51.631 [info] ExtensionService#_doActivateExtension vscode.git, startup: true, activationEvent: '*'
2024-06-06 01:42:51.641 [info] ExtensionService#_doActivateExtension vscode.github, startup: true, activationEvent: '*'
2024-06-06 01:42:51.657 [info] Eager extensions activated
2024-06-06 01:42:51.665 [info] ExtensionService#_doActivateExtension vscode.debug-auto-launch, startup: false, activationEvent: 'onStartupFinished'
2024-06-06 01:42:51.666 [info] ExtensionService#_doActivateExtension vscode.merge-conflict, startup: false, activationEvent: 'onStartupFinished'
2024-06-06 01:42:51.712 [info] ExtensionService#_doActivateExtension vscode.github-authentication, startup: false, activationEvent: 'onAuthenticationRequest:github'
2024-06-06 01:43:29.527 [info] ExtensionService#_doActivateExtension mhutchie.git-graph, startup: false, activationEvent: '*'
2024-06-06 01:43:29.538 [info] ExtensionService#_doActivateExtension felipecaputo.git-project-manager, startup: false, activationEvent: 'onStartupFinished'
2024-06-06 01:43:29.554 [info] ExtensionService#_doActivateExtension eamodio.gitlens, startup: false, activationEvent: 'onStartupFinished'
2024-06-06 01:44:19.250 [info] ExtensionService#_doActivateExtension mechatroner.rainbow-csv, startup: false, activationEvent: 'onLanguage:plaintext'
2024-06-06 01:44:19.253 [info] ExtensionService#_doActivateExtension aaron-bond.better-comments, startup: false, activationEvent: 'onStartupFinished'
2024-06-06 01:44:19.257 [info] ExtensionService#_doActivateExtension PKief.material-icon-theme, startup: false, activationEvent: 'onStartupFinished'
2024-06-06 01:44:19.268 [info] ExtensionService#_doActivateExtension Gruntfuggly.todo-tree, startup: false, activationEvent: 'onStartupFinished'
2024-06-06 01:44:19.287 [info] ExtensionService#_doActivateExtension naumovs.color-highlight, startup: false, activationEvent: 'onStartupFinished'
2024-06-06 01:44:19.292 [info] ExtensionService#_doActivateExtension bierner.emojisense, startup: false, activationEvent: 'onStartupFinished'
2024-06-06 01:44:19.297 [info] ExtensionService#_doActivateExtension oderwat.indent-rainbow, startup: false, activationEvent: '*'
2024-06-06 01:44:19.297 [info] ExtensionService#_doActivateExtension alefragnani.Bookmarks, startup: false, activationEvent: 'onStartupFinished'
2024-06-06 01:44:20.003 [info] ExtensionService#_doActivateExtension yzhang.markdown-all-in-one, startup: false, activationEvent: 'workspaceContains:README.md'
2024-06-06 01:44:20.096 [info] ExtensionService#_doActivateExtension vscode.markdown-math, startup: false, activationEvent: 'api', root cause: yzhang.markdown-all-in-one
2024-06-06 01:45:49.008 [info] ExtensionService#_doActivateExtension vscode.json-language-features, startup: false, activationEvent: 'onLanguage:jsonc'
2024-06-06 01:45:49.040 [info] ExtensionService#_doActivateExtension vscode.typescript-language-features, startup: false, activationEvent: 'onLanguage:jsonc'
2024-06-06 01:47:58.490 [warning] TextEditor is closed/disposed
2024-06-06 01:49:11.610 [warning] TextEditor is closed/disposed
2024-06-06 01:49:11.682 [warning] Illegal argument: TextEditor(vs.editor.ICodeEditor:7,$model16)
2024-06-06 01:49:16.307 [warning] Illegal argument: TextEditor(vs.editor.ICodeEditor:7,$model16)
2024-06-06 01:49:20.162 [info] ExtensionService#_doActivateExtension donjayamanne.githistory, startup: false, activationEvent: 'onCommand:git.viewHistory'
2024-06-06 01:50:08.208 [warning] TextEditor is closed/disposed
2024-06-06 01:53:34.188 [warning] TextEditor is closed/disposed
2024-06-06 01:53:35.885 [info] ExtensionService#_doActivateExtension solomonkinard.git-blame, startup: false, activationEvent: 'onStartupFinished'
2024-06-06 01:53:36.917 [error] Error: command 'git-blame.diff.getRef' not found
    at y.n (vscode-file://vscode-app/usr/lib/code/out/vs/workbench/workbench.desktop.main.js:1609:23057)
    at y.executeCommand (vscode-file://vscode-app/usr/lib/code/out/vs/workbench/workbench.desktop.main.js:1609:22986)
2024-06-06 02:09:34.408 [warning] TextEditor is closed/disposed
2024-06-06 02:09:34.441 [warning] [solomonkinard.git-blame] Accessing a resource scoped configuration without providing a resource is not expected. To get the effective value for '[markdown]', provide the URI of a resource or 'null' for any resource.
2024-06-06 02:09:34.442 [error] TypeError: Cannot read properties of undefined (reading 'wordWrap')
	at Wo (/home/lichti/.vscode-oss/extensions/solomonkinard.git-blame-0.2.14-universal/out/extension.js:35:10609)
	at Ho (/home/lichti/.vscode-oss/extensions/solomonkinard.git-blame-0.2.14-universal/out/extension.js:35:10476)
	at /home/lichti/.vscode-oss/extensions/solomonkinard.git-blame-0.2.14-universal/out/extension.js:35:10854
	at Timeout._onTimeout (/home/lichti/.vscode-oss/extensions/solomonkinard.git-blame-0.2.14-universal/out/extension.js:7:6066)
	at listOnTimeout (node:internal/timers:569:17)
	at process.processTimers (node:internal/timers:512:7)
2024-06-06 02:09:34.443 [info] ExtensionService#_doActivateExtension vscode.extension-editing, startup: false, activationEvent: 'onLanguage:markdown'
2024-06-06 02:09:34.453 [info] ExtensionService#_doActivateExtension vscode.markdown-language-features, startup: false, activationEvent: 'onLanguage:markdown'
2024-06-06 02:09:34.504 [info] ExtensionService#_doActivateExtension DavidAnson.vscode-markdownlint, startup: false, activationEvent: 'onLanguage:markdown'
2024-06-06 02:09:38.565 [warning] [solomonkinard.git-blame] Accessing a resource scoped configuration without providing a resource is not expected. To get the effective value for '[markdown]', provide the URI of a resource or 'null' for any resource.
2024-06-06 02:09:38.565 [error] TypeError: Cannot read properties of undefined (reading 'wordWrap')
	at Wo (/home/lichti/.vscode-oss/extensions/solomonkinard.git-blame-0.2.14-universal/out/extension.js:35:10609)
	at Ho (/home/lichti/.vscode-oss/extensions/solomonkinard.git-blame-0.2.14-universal/out/extension.js:35:10476)
	at /home/lichti/.vscode-oss/extensions/solomonkinard.git-blame-0.2.14-universal/out/extension.js:35:10854
	at Timeout._onTimeout (/home/lichti/.vscode-oss/extensions/solomonkinard.git-blame-0.2.14-universal/out/extension.js:7:6066)
	at listOnTimeout (node:internal/timers:569:17)
	at process.processTimers (node:internal/timers:512:7)
2024-06-06 02:09:56.865 [warning] TextEditor is closed/disposed
2024-06-06 02:09:56.894 [warning] [solomonkinard.git-blame] Accessing a resource scoped configuration without providing a resource is not expected. To get the effective value for '[markdown]', provide the URI of a resource or 'null' for any resource.
2024-06-06 02:09:56.894 [error] TypeError: Cannot read properties of undefined (reading 'wordWrap')
	at Wo (/home/lichti/.vscode-oss/extensions/solomonkinard.git-blame-0.2.14-universal/out/extension.js:35:10609)
	at Ho (/home/lichti/.vscode-oss/extensions/solomonkinard.git-blame-0.2.14-universal/out/extension.js:35:10476)
	at /home/lichti/.vscode-oss/extensions/solomonkinard.git-blame-0.2.14-universal/out/extension.js:35:10854
	at Timeout._onTimeout (/home/lichti/.vscode-oss/extensions/solomonkinard.git-blame-0.2.14-universal/out/extension.js:7:6066)
	at listOnTimeout (node:internal/timers:569:17)
	at process.processTimers (node:internal/timers:512:7)
2024-06-06 02:11:08.458 [warning] TextEditor is closed/disposed
2024-06-06 02:11:15.026 [warning] TextEditor is closed/disposed
2024-06-06 02:15:14.319 [info] Extension host terminating: renderer closed the MessagePort
2024-06-06 02:15:14.328 [error] An error occurred when deactivating the subscriptions for extension 'eamodio.gitlens':
2024-06-06 02:15:14.329 [error] TypeError: I.dispose is not a function
	at a (/usr/lib/code/out/vs/workbench/api/node/extensionHostProcess.js:30:744)
	at f.eb (/usr/lib/code/out/vs/workbench/api/node/extensionHostProcess.js:159:9975)
	at /usr/lib/code/out/vs/workbench/api/node/extensionHostProcess.js:159:7824
	at Array.map (<anonymous>)
	at f.$ (/usr/lib/code/out/vs/workbench/api/node/extensionHostProcess.js:159:7811)
	at f.terminate (/usr/lib/code/out/vs/workbench/api/node/extensionHostProcess.js:159:8085)
	at a.terminate (/usr/lib/code/out/vs/workbench/api/node/extensionHostProcess.js:163:1513)
	at t (/usr/lib/code/out/vs/workbench/api/node/extensionHostProcess.js:176:9922)
	at MessagePortMain.<anonymous> (/usr/lib/code/out/vs/workbench/api/node/extensionHostProcess.js:176:6347)
	at MessagePortMain.emit (node:events:517:28)
	at MessagePortMain._internalPort.emit (node:electron/js2c/utility_init:2:2285)
2024-06-06 02:15:14.329 [error] An error occurred when deactivating the subscriptions for extension 'Gruntfuggly.todo-tree':
2024-06-06 02:15:14.329 [error] AggregateError: Encountered errors while disposing of store
	at a (/usr/lib/code/out/vs/workbench/api/node/extensionHostProcess.js:30:820)
	at f.eb (/usr/lib/code/out/vs/workbench/api/node/extensionHostProcess.js:159:9975)
	at /usr/lib/code/out/vs/workbench/api/node/extensionHostProcess.js:159:7824
	at Array.map (<anonymous>)
	at f.$ (/usr/lib/code/out/vs/workbench/api/node/extensionHostProcess.js:159:7811)
	at f.terminate (/usr/lib/code/out/vs/workbench/api/node/extensionHostProcess.js:159:8085)
	at a.terminate (/usr/lib/code/out/vs/workbench/api/node/extensionHostProcess.js:163:1513)
	at t (/usr/lib/code/out/vs/workbench/api/node/extensionHostProcess.js:176:9922)
	at MessagePortMain.<anonymous> (/usr/lib/code/out/vs/workbench/api/node/extensionHostProcess.js:176:6347)
	at MessagePortMain.emit (node:events:517:28)
	at MessagePortMain._internalPort.emit (node:electron/js2c/utility_init:2:2285)
2024-06-06 02:15:14.332 [error] Canceled: Canceled
	at new O (/usr/lib/code/out/vs/workbench/api/node/extensionHostProcess.js:143:47131)
	at c.U (/usr/lib/code/out/vs/workbench/api/node/extensionHostProcess.js:150:5542)
	at F.<computed>.z.charCodeAt.F.<computed> (/usr/lib/code/out/vs/workbench/api/node/extensionHostProcess.js:150:2993)
	at r.g (/usr/lib/code/out/vs/workbench/api/node/extensionHostProcess.js:153:188926)
	at r.executeCommand (/usr/lib/code/out/vs/workbench/api/node/extensionHostProcess.js:153:188364)
	at k.registerCommand.description (/usr/lib/code/out/vs/workbench/api/node/extensionHostProcess.js:153:187688)
	at r.h (/usr/lib/code/out/vs/workbench/api/node/extensionHostProcess.js:153:189465)
	at r.g (/usr/lib/code/out/vs/workbench/api/node/extensionHostProcess.js:153:188457)
	at r.executeCommand (/usr/lib/code/out/vs/workbench/api/node/extensionHostProcess.js:153:188364)
	at Object.executeCommand (/usr/lib/code/out/vs/workbench/api/node/extensionHostProcess.js:163:22673)
	at a.O [as value] (/usr/lib/code/extensions/git/dist/main.js:2:945138)
	at o.y (/usr/lib/code/out/vs/workbench/api/node/extensionHostProcess.js:82:660)
	at o.z (/usr/lib/code/out/vs/workbench/api/node/extensionHostProcess.js:82:730)
	at o.fire (/usr/lib/code/out/vs/workbench/api/node/extensionHostProcess.js:82:946)
	at Object.p [as dispose] (/usr/lib/code/extensions/git/dist/main.js:2:964222)
	at /usr/lib/code/extensions/git/dist/main.js:2:970260
	at Array.forEach (<anonymous>)
	at f.dispose (/usr/lib/code/extensions/git/dist/main.js:2:970246)
	at h.<anonymous> (/usr/lib/code/out/vs/workbench/api/node/extensionHostProcess.js:151:3955)
	at h.dispose (/usr/lib/code/out/vs/workbench/api/node/extensionHostProcess.js:151:4052)
	at h.<anonymous> (/usr/lib/code/extensions/git/dist/main.js:2:947395)
	at h.dispose (/usr/lib/code/out/vs/workbench/api/node/extensionHostProcess.js:151:4052)
	at a (/usr/lib/code/out/vs/workbench/api/node/extensionHostProcess.js:30:744)
	at f.eb (/usr/lib/code/out/vs/workbench/api/node/extensionHostProcess.js:159:9975)
	at /usr/lib/code/out/vs/workbench/api/node/extensionHostProcess.js:159:7824
	at Array.map (<anonymous>)
	at f.$ (/usr/lib/code/out/vs/workbench/api/node/extensionHostProcess.js:159:7811)
	at f.terminate (/usr/lib/code/out/vs/workbench/api/node/extensionHostProcess.js:159:8085)
	at a.terminate (/usr/lib/code/out/vs/workbench/api/node/extensionHostProcess.js:163:1513)
	at t (/usr/lib/code/out/vs/workbench/api/node/extensionHostProcess.js:176:9922)
	at MessagePortMain.<anonymous> (/usr/lib/code/out/vs/workbench/api/node/extensionHostProcess.js:176:6347)
	at MessagePortMain.emit (node:events:517:28)
	at MessagePortMain._internalPort.emit (node:electron/js2c/utility_init:2:2285) setContext undefined
2024-06-06 02:15:14.332 [error] Canceled: Canceled
	at new O (/usr/lib/code/out/vs/workbench/api/node/extensionHostProcess.js:143:47131)
	at c.U (/usr/lib/code/out/vs/workbench/api/node/extensionHostProcess.js:150:5542)
	at F.<computed>.z.charCodeAt.F.<computed> (/usr/lib/code/out/vs/workbench/api/node/extensionHostProcess.js:150:2993)
	at r.g (/usr/lib/code/out/vs/workbench/api/node/extensionHostProcess.js:153:188926)
	at r.executeCommand (/usr/lib/code/out/vs/workbench/api/node/extensionHostProcess.js:153:188364)
	at k.registerCommand.description (/usr/lib/code/out/vs/workbench/api/node/extensionHostProcess.js:153:187688)
	at r.h (/usr/lib/code/out/vs/workbench/api/node/extensionHostProcess.js:153:189465)
	at r.g (/usr/lib/code/out/vs/workbench/api/node/extensionHostProcess.js:153:188457)
	at r.executeCommand (/usr/lib/code/out/vs/workbench/api/node/extensionHostProcess.js:153:188364)
	at Object.executeCommand (/usr/lib/code/out/vs/workbench/api/node/extensionHostProcess.js:163:22673)
	at set hasGitHubRepositories [as hasGitHubRepositories] (/usr/lib/code/extensions/github/dist/extension.js:2:322969)
	at /usr/lib/code/extensions/github/dist/extension.js:2:323928
	at a.value (/usr/lib/code/extensions/git/dist/main.js:2:1050711)
	at o.y (/usr/lib/code/out/vs/workbench/api/node/extensionHostProcess.js:82:660)
	at o.z (/usr/lib/code/out/vs/workbench/api/node/extensionHostProcess.js:82:730)
	at o.fire (/usr/lib/code/out/vs/workbench/api/node/extensionHostProcess.js:82:946)
	at Object.p [as dispose] (/usr/lib/code/extensions/git/dist/main.js:2:964222)
	at /usr/lib/code/extensions/git/dist/main.js:2:970260
	at Array.forEach (<anonymous>)
	at f.dispose (/usr/lib/code/extensions/git/dist/main.js:2:970246)
	at h.<anonymous> (/usr/lib/code/out/vs/workbench/api/node/extensionHostProcess.js:151:3955)
	at h.dispose (/usr/lib/code/out/vs/workbench/api/node/extensionHostProcess.js:151:4052)
	at h.<anonymous> (/usr/lib/code/extensions/git/dist/main.js:2:947395)
	at h.dispose (/usr/lib/code/out/vs/workbench/api/node/extensionHostProcess.js:151:4052)
	at a (/usr/lib/code/out/vs/workbench/api/node/extensionHostProcess.js:30:744)
	at f.eb (/usr/lib/code/out/vs/workbench/api/node/extensionHostProcess.js:159:9975)
	at /usr/lib/code/out/vs/workbench/api/node/extensionHostProcess.js:159:7824
	at Array.map (<anonymous>)
	at f.$ (/usr/lib/code/out/vs/workbench/api/node/extensionHostProcess.js:159:7811)
	at f.terminate (/usr/lib/code/out/vs/workbench/api/node/extensionHostProcess.js:159:8085)
	at a.terminate (/usr/lib/code/out/vs/workbench/api/node/extensionHostProcess.js:163:1513)
	at t (/usr/lib/code/out/vs/workbench/api/node/extensionHostProcess.js:176:9922)
	at MessagePortMain.<anonymous> (/usr/lib/code/out/vs/workbench/api/node/extensionHostProcess.js:176:6347)
	at MessagePortMain.emit (node:events:517:28)
	at MessagePortMain._internalPort.emit (node:electron/js2c/utility_init:2:2285) setContext undefined
2024-06-06 02:15:14.332 [error] Canceled: Canceled
	at new O (/usr/lib/code/out/vs/workbench/api/node/extensionHostProcess.js:143:47131)
	at c.U (/usr/lib/code/out/vs/workbench/api/node/extensionHostProcess.js:150:5542)
	at F.<computed>.z.charCodeAt.F.<computed> (/usr/lib/code/out/vs/workbench/api/node/extensionHostProcess.js:150:2993)
	at r.g (/usr/lib/code/out/vs/workbench/api/node/extensionHostProcess.js:153:188926)
	at r.executeCommand (/usr/lib/code/out/vs/workbench/api/node/extensionHostProcess.js:153:188364)
	at k.registerCommand.description (/usr/lib/code/out/vs/workbench/api/node/extensionHostProcess.js:153:187688)
	at r.h (/usr/lib/code/out/vs/workbench/api/node/extensionHostProcess.js:153:189465)
	at r.g (/usr/lib/code/out/vs/workbench/api/node/extensionHostProcess.js:153:188457)
	at r.executeCommand (/usr/lib/code/out/vs/workbench/api/node/extensionHostProcess.js:153:188364)
	at Object.executeCommand (/usr/lib/code/out/vs/workbench/api/node/extensionHostProcess.js:163:22673)
	at w (/home/lichti/.vscode-oss/extensions/eamodio.gitlens-15.0.4-universal/dist/gitlens.js:1453:42298)
	at h (/home/lichti/.vscode-oss/extensions/eamodio.gitlens-15.0.4-universal/dist/gitlens.js:1453:47337)
	at ActionRunners._updateContextKeys (/home/lichti/.vscode-oss/extensions/eamodio.gitlens-15.0.4-universal/dist/gitlens.js:1099:18425)
	at s (/home/lichti/.vscode-oss/extensions/eamodio.gitlens-15.0.4-universal/dist/gitlens.js:1099:16869)
	at RegisteredActionRunner.unregister (/home/lichti/.vscode-oss/extensions/eamodio.gitlens-15.0.4-universal/dist/gitlens.js:1099:17012)
	at RegisteredActionRunner.dispose (/home/lichti/.vscode-oss/extensions/eamodio.gitlens-15.0.4-universal/dist/gitlens.js:1099:15665)
	at ActionRunners.dispose (/home/lichti/.vscode-oss/extensions/eamodio.gitlens-15.0.4-universal/dist/gitlens.js:1099:16452)
	at /home/lichti/.vscode-oss/extensions/eamodio.gitlens-15.0.4-universal/dist/gitlens.js:1412:20105
	at Array.forEach (<anonymous>)
	at Object.dispose (/home/lichti/.vscode-oss/extensions/eamodio.gitlens-15.0.4-universal/dist/gitlens.js:1412:20087)
	at a (/usr/lib/code/out/vs/workbench/api/node/extensionHostProcess.js:30:744)
	at f.eb (/usr/lib/code/out/vs/workbench/api/node/extensionHostProcess.js:159:9975)
	at /usr/lib/code/out/vs/workbench/api/node/extensionHostProcess.js:159:7824
	at Array.map (<anonymous>)
	at f.$ (/usr/lib/code/out/vs/workbench/api/node/extensionHostProcess.js:159:7811)
	at f.terminate (/usr/lib/code/out/vs/workbench/api/node/extensionHostProcess.js:159:8085)
	at a.terminate (/usr/lib/code/out/vs/workbench/api/node/extensionHostProcess.js:163:1513)
	at t (/usr/lib/code/out/vs/workbench/api/node/extensionHostProcess.js:176:9922)
	at MessagePortMain.<anonymous> (/usr/lib/code/out/vs/workbench/api/node/extensionHostProcess.js:176:6347)
	at MessagePortMain.emit (node:events:517:28)
	at MessagePortMain._internalPort.emit (node:electron/js2c/utility_init:2:2285) setContext undefined
2024-06-06 02:15:14.332 [error] Canceled: Canceled
	at new O (/usr/lib/code/out/vs/workbench/api/node/extensionHostProcess.js:143:47131)
	at c.U (/usr/lib/code/out/vs/workbench/api/node/extensionHostProcess.js:150:5542)
	at F.<computed>.z.charCodeAt.F.<computed> (/usr/lib/code/out/vs/workbench/api/node/extensionHostProcess.js:150:2993)
	at r.g (/usr/lib/code/out/vs/workbench/api/node/extensionHostProcess.js:153:188926)
	at r.executeCommand (/usr/lib/code/out/vs/workbench/api/node/extensionHostProcess.js:153:188364)
	at k.registerCommand.description (/usr/lib/code/out/vs/workbench/api/node/extensionHostProcess.js:153:187688)
	at r.h (/usr/lib/code/out/vs/workbench/api/node/extensionHostProcess.js:153:189465)
	at r.g (/usr/lib/code/out/vs/workbench/api/node/extensionHostProcess.js:153:188457)
	at r.executeCommand (/usr/lib/code/out/vs/workbench/api/node/extensionHostProcess.js:153:188364)
	at Object.executeCommand (/usr/lib/code/out/vs/workbench/api/node/extensionHostProcess.js:163:22673)
	at w (/home/lichti/.vscode-oss/extensions/eamodio.gitlens-15.0.4-universal/dist/gitlens.js:1453:42298)
	at h (/home/lichti/.vscode-oss/extensions/eamodio.gitlens-15.0.4-universal/dist/gitlens.js:1453:47337)
	at ActionRunners._updateContextKeys (/home/lichti/.vscode-oss/extensions/eamodio.gitlens-15.0.4-universal/dist/gitlens.js:1099:18425)
	at s (/home/lichti/.vscode-oss/extensions/eamodio.gitlens-15.0.4-universal/dist/gitlens.js:1099:16869)
	at RegisteredActionRunner.unregister (/home/lichti/.vscode-oss/extensions/eamodio.gitlens-15.0.4-universal/dist/gitlens.js:1099:17012)
	at RegisteredActionRunner.dispose (/home/lichti/.vscode-oss/extensions/eamodio.gitlens-15.0.4-universal/dist/gitlens.js:1099:15665)
	at ActionRunners.dispose (/home/lichti/.vscode-oss/extensions/eamodio.gitlens-15.0.4-universal/dist/gitlens.js:1099:16452)
	at /home/lichti/.vscode-oss/extensions/eamodio.gitlens-15.0.4-universal/dist/gitlens.js:1412:20105
	at Array.forEach (<anonymous>)
	at Object.dispose (/home/lichti/.vscode-oss/extensions/eamodio.gitlens-15.0.4-universal/dist/gitlens.js:1412:20087)
	at a (/usr/lib/code/out/vs/workbench/api/node/extensionHostProcess.js:30:744)
	at f.eb (/usr/lib/code/out/vs/workbench/api/node/extensionHostProcess.js:159:9975)
	at /usr/lib/code/out/vs/workbench/api/node/extensionHostProcess.js:159:7824
	at Array.map (<anonymous>)
	at f.$ (/usr/lib/code/out/vs/workbench/api/node/extensionHostProcess.js:159:7811)
	at f.terminate (/usr/lib/code/out/vs/workbench/api/node/extensionHostProcess.js:159:8085)
	at a.terminate (/usr/lib/code/out/vs/workbench/api/node/extensionHostProcess.js:163:1513)
	at t (/usr/lib/code/out/vs/workbench/api/node/extensionHostProcess.js:176:9922)
	at MessagePortMain.<anonymous> (/usr/lib/code/out/vs/workbench/api/node/extensionHostProcess.js:176:6347)
	at MessagePortMain.emit (node:events:517:28)
	at MessagePortMain._internalPort.emit (node:electron/js2c/utility_init:2:2285) setContext undefined
2024-06-06 02:15:14.332 [error] Canceled: Canceled
	at new O (/usr/lib/code/out/vs/workbench/api/node/extensionHostProcess.js:143:47131)
	at c.U (/usr/lib/code/out/vs/workbench/api/node/extensionHostProcess.js:150:5542)
	at F.<computed>.z.charCodeAt.F.<computed> (/usr/lib/code/out/vs/workbench/api/node/extensionHostProcess.js:150:2993)
	at r.g (/usr/lib/code/out/vs/workbench/api/node/extensionHostProcess.js:153:188926)
	at r.executeCommand (/usr/lib/code/out/vs/workbench/api/node/extensionHostProcess.js:153:188364)
	at k.registerCommand.description (/usr/lib/code/out/vs/workbench/api/node/extensionHostProcess.js:153:187688)
	at r.h (/usr/lib/code/out/vs/workbench/api/node/extensionHostProcess.js:153:189465)
	at r.g (/usr/lib/code/out/vs/workbench/api/node/extensionHostProcess.js:153:188457)
	at r.executeCommand (/usr/lib/code/out/vs/workbench/api/node/extensionHostProcess.js:153:188364)
	at Object.executeCommand (/usr/lib/code/out/vs/workbench/api/node/extensionHostProcess.js:163:22673)
	at w (/home/lichti/.vscode-oss/extensions/eamodio.gitlens-15.0.4-universal/dist/gitlens.js:1453:42298)
	at h (/home/lichti/.vscode-oss/extensions/eamodio.gitlens-15.0.4-universal/dist/gitlens.js:1453:47337)
	at ActionRunners._updateContextKeys (/home/lichti/.vscode-oss/extensions/eamodio.gitlens-15.0.4-universal/dist/gitlens.js:1099:18425)
	at s (/home/lichti/.vscode-oss/extensions/eamodio.gitlens-15.0.4-universal/dist/gitlens.js:1099:16869)
	at RegisteredActionRunner.unregister (/home/lichti/.vscode-oss/extensions/eamodio.gitlens-15.0.4-universal/dist/gitlens.js:1099:17012)
	at RegisteredActionRunner.dispose (/home/lichti/.vscode-oss/extensions/eamodio.gitlens-15.0.4-universal/dist/gitlens.js:1099:15665)
	at ActionRunners.dispose (/home/lichti/.vscode-oss/extensions/eamodio.gitlens-15.0.4-universal/dist/gitlens.js:1099:16452)
	at /home/lichti/.vscode-oss/extensions/eamodio.gitlens-15.0.4-universal/dist/gitlens.js:1412:20105
	at Array.forEach (<anonymous>)
	at Object.dispose (/home/lichti/.vscode-oss/extensions/eamodio.gitlens-15.0.4-universal/dist/gitlens.js:1412:20087)
	at a (/usr/lib/code/out/vs/workbench/api/node/extensionHostProcess.js:30:744)
	at f.eb (/usr/lib/code/out/vs/workbench/api/node/extensionHostProcess.js:159:9975)
	at /usr/lib/code/out/vs/workbench/api/node/extensionHostProcess.js:159:7824
	at Array.map (<anonymous>)
	at f.$ (/usr/lib/code/out/vs/workbench/api/node/extensionHostProcess.js:159:7811)
	at f.terminate (/usr/lib/code/out/vs/workbench/api/node/extensionHostProcess.js:159:8085)
	at a.terminate (/usr/lib/code/out/vs/workbench/api/node/extensionHostProcess.js:163:1513)
	at t (/usr/lib/code/out/vs/workbench/api/node/extensionHostProcess.js:176:9922)
	at MessagePortMain.<anonymous> (/usr/lib/code/out/vs/workbench/api/node/extensionHostProcess.js:176:6347)
	at MessagePortMain.emit (node:events:517:28)
	at MessagePortMain._internalPort.emit (node:electron/js2c/utility_init:2:2285) setContext undefined
2024-06-06 02:15:14.333 [info] Extension host with pid 143395 exiting with code 0
2024-06-06 02:15:14.622 [info] Extension host with pid 174566 started
2024-06-06 02:15:14.622 [info] Skipping acquiring lock for /home/lichti/.config/Code - OSS/User/workspaceStorage/f1af06fc339c817c9bfb2779aad3cc81.
2024-06-06 02:15:14.626 [info] ExtensionService#_doActivateExtension mechatroner.rainbow-csv, startup: false, activationEvent: 'onLanguage:plaintext'
2024-06-06 02:15:14.629 [info] ExtensionService#_doActivateExtension vscode.emmet, startup: false, activationEvent: 'onLanguage'
2024-06-06 02:15:14.631 [info] ExtensionService#_doActivateExtension vscode.github-authentication, startup: false, activationEvent: 'onAuthenticationRequest:github'
2024-06-06 02:15:14.637 [info] ExtensionService#_doActivateExtension vscode.git-base, startup: false, activationEvent: 'onFileSystem:git', root cause: vscode.git
2024-06-06 02:15:14.638 [info] ExtensionService#_doActivateExtension eamodio.gitlens, startup: false, activationEvent: 'onCommand:gitlens.showWelcomePage'
2024-06-06 02:15:14.655 [info] ExtensionService#_doActivateExtension vscode.json-language-features, startup: false, activationEvent: 'onLanguage:jsonc'
2024-06-06 02:15:14.663 [info] ExtensionService#_doActivateExtension vscode.typescript-language-features, startup: false, activationEvent: 'onLanguage:jsonc'
2024-06-06 02:15:14.673 [info] ExtensionService#_doActivateExtension donjayamanne.githistory, startup: false, activationEvent: 'onCommand:git.viewHistory'
2024-06-06 02:15:14.683 [info] ExtensionService#_doActivateExtension mhutchie.git-graph, startup: false, activationEvent: '*'
2024-06-06 02:15:14.688 [info] ExtensionService#_doActivateExtension oderwat.indent-rainbow, startup: false, activationEvent: '*'
2024-06-06 02:15:14.689 [info] ExtensionService#_doActivateExtension vscode.extension-editing, startup: false, activationEvent: 'onLanguage:markdown'
2024-06-06 02:15:14.691 [info] ExtensionService#_doActivateExtension vscode.markdown-language-features, startup: false, activationEvent: 'onLanguage:markdown'
2024-06-06 02:15:14.708 [info] ExtensionService#_doActivateExtension DavidAnson.vscode-markdownlint, startup: false, activationEvent: 'onLanguage:markdown'
2024-06-06 02:15:14.716 [info] ExtensionService#_doActivateExtension yzhang.markdown-all-in-one, startup: false, activationEvent: 'onLanguage:markdown'
2024-06-06 02:15:14.747 [info] ExtensionService#_doActivateExtension vscode.npm, startup: false, activationEvent: 'onLanguage:json'
2024-06-06 02:15:14.814 [info] ExtensionService#_doActivateExtension vscode.markdown-math, startup: false, activationEvent: 'api', root cause: yzhang.markdown-all-in-one
2024-06-06 02:15:14.837 [info] ExtensionService#_doActivateExtension vscode.git, startup: false, activationEvent: 'onFileSystem:git'
2024-06-06 02:15:14.845 [info] ExtensionService#_doActivateExtension vscode.github, startup: false, activationEvent: '*'
2024-06-06 02:15:15.629 [info] Eager extensions activated
2024-06-06 02:15:15.632 [info] ExtensionService#_doActivateExtension vscode.debug-auto-launch, startup: false, activationEvent: 'onStartupFinished'
2024-06-06 02:15:15.633 [info] ExtensionService#_doActivateExtension vscode.merge-conflict, startup: false, activationEvent: 'onStartupFinished'
2024-06-06 02:15:15.635 [info] ExtensionService#_doActivateExtension aaron-bond.better-comments, startup: false, activationEvent: 'onStartupFinished'
2024-06-06 02:15:15.637 [info] ExtensionService#_doActivateExtension alefragnani.Bookmarks, startup: false, activationEvent: 'onStartupFinished'
2024-06-06 02:15:15.644 [info] ExtensionService#_doActivateExtension bierner.emojisense, startup: false, activationEvent: 'onStartupFinished'
2024-06-06 02:15:15.648 [info] ExtensionService#_doActivateExtension felipecaputo.git-project-manager, startup: false, activationEvent: 'onStartupFinished'
2024-06-06 02:15:15.656 [info] ExtensionService#_doActivateExtension Gruntfuggly.todo-tree, startup: false, activationEvent: 'onStartupFinished'
2024-06-06 02:15:15.672 [info] ExtensionService#_doActivateExtension naumovs.color-highlight, startup: false, activationEvent: 'onStartupFinished'
2024-06-06 02:15:15.674 [info] ExtensionService#_doActivateExtension PKief.material-icon-theme, startup: false, activationEvent: 'onStartupFinished'
2024-06-06 02:15:15.685 [info] ExtensionService#_doActivateExtension solomonkinard.git-blame, startup: false, activationEvent: 'onStartupFinished'
2024-06-06 02:15:16.730 [error] Error: command 'git-blame.diff.getRef' not found
    at y.n (vscode-file://vscode-app/usr/lib/code/out/vs/workbench/workbench.desktop.main.js:1609:23057)
    at y.executeCommand (vscode-file://vscode-app/usr/lib/code/out/vs/workbench/workbench.desktop.main.js:1609:22986)
