2024-06-06 01:42:51.679 [info] Log level: Info
2024-06-06 01:42:51.679 [info] Validating found git in: "git"
2024-06-06 01:42:51.679 [info] Using git "2.45.2" from "git"
2024-06-06 01:42:51.679 [info] > git rev-parse --show-toplevel [1ms]
2024-06-06 01:42:51.679 [info] > git rev-parse --git-dir --git-common-dir [1ms]
2024-06-06 01:42:51.679 [info] Open repository: /home/lichti/.local/share/chezmoi
2024-06-06 01:42:51.684 [info] > git config --get commit.template [3ms]
2024-06-06 01:42:51.688 [info] > git for-each-ref --format=%(refname)%00%(upstream:short)%00%(objectname)%00%(upstream:track)%00%(upstream:remotename)%00%(upstream:remoteref) refs/heads/main refs/remotes/main [1ms]
2024-06-06 01:42:51.693 [info] > git status -z -uall [2ms]
2024-06-06 01:42:51.701 [info] > git merge-base refs/heads/main refs/remotes/origin/main [5ms]
2024-06-06 01:42:51.704 [info] > git config --get commit.template [4ms]
2024-06-06 01:42:51.704 [info] > git rev-list --count --left-right refs/heads/main...refs/remotes/origin/main [1ms]
2024-06-06 01:42:51.709 [info] > git diff --name-status -z --diff-filter=ADMR 3af4735659eb777c67733fbaaee47b0f7f803b8c...refs/remotes/origin/main [3ms]
2024-06-06 01:42:51.709 [info] > git for-each-ref --format=%(refname)%00%(upstream:short)%00%(objectname)%00%(upstream:track)%00%(upstream:remotename)%00%(upstream:remoteref) refs/heads/main refs/remotes/main [1ms]
2024-06-06 01:42:51.719 [info] > git status -z -uall [7ms]
2024-06-06 01:42:52.209 [info] > git check-ignore -v -z --stdin [5ms]
2024-06-06 01:43:00.465 [info] > git show --textconv :dot_bashrc [12ms]
2024-06-06 01:43:00.469 [info] > git ls-files --stage -- /home/lichti/.local/share/chezmoi/dot_bashrc [5ms]
2024-06-06 01:43:00.485 [info] > git cat-file -s b440d172ad7e181684dc6cef9262f2f78ad51ef9 [5ms]
2024-06-06 01:45:31.846 [info] > git show --textconv :dot_bashrc [8ms]
2024-06-06 01:45:31.848 [info] > git ls-files --stage -- /home/lichti/.local/share/chezmoi/dot_bashrc [3ms]
2024-06-06 01:45:31.857 [info] > git cat-file -s b440d172ad7e181684dc6cef9262f2f78ad51ef9 [2ms]
2024-06-06 01:45:53.043 [info] > git show --textconv :dot_bashrc [5ms]
2024-06-06 01:45:53.043 [info] > git ls-files --stage -- /home/lichti/.local/share/chezmoi/dot_bashrc [1ms]
2024-06-06 01:45:53.048 [info] > git cat-file -s b440d172ad7e181684dc6cef9262f2f78ad51ef9 [1ms]
2024-06-06 01:45:56.608 [info] > git show --textconv :dot_zshrc [5ms]
2024-06-06 01:45:56.609 [info] > git ls-files --stage -- /home/lichti/.local/share/chezmoi/dot_zshrc [2ms]
2024-06-06 01:45:56.615 [info] > git cat-file -s 69908796a0e10e82d1ccf6369706b64fc7166c94 [1ms]
2024-06-06 01:46:25.569 [info] > git config --get commit.template [1ms]
2024-06-06 01:46:25.579 [info] > git for-each-ref --format=%(refname)%00%(upstream:short)%00%(objectname)%00%(upstream:track)%00%(upstream:remotename)%00%(upstream:remoteref) refs/heads/main refs/remotes/main [3ms]
2024-06-06 01:46:25.587 [info] > git status -z -uall [2ms]
2024-06-06 01:47:51.558 [info] > git merge-base refs/heads/main refs/remotes/origin/main [1ms]
2024-06-06 01:47:51.565 [info] > git rev-list --count --left-right refs/heads/main...refs/remotes/origin/main [2ms]
2024-06-06 01:47:55.439 [info] > git add -A -- /home/lichti/.local/share/chezmoi/dot_zshrc [3ms]
2024-06-06 01:47:55.460 [info] > git config --get commit.template [9ms]
2024-06-06 01:47:55.460 [info] > git for-each-ref --format=%(refname)%00%(upstream:short)%00%(objectname)%00%(upstream:track)%00%(upstream:remotename)%00%(upstream:remoteref) refs/heads/main refs/remotes/main [2ms]
2024-06-06 01:47:55.472 [info] > git status -z -uall [2ms]
2024-06-06 01:47:56.532 [info] > git config --get commit.template [9ms]
2024-06-06 01:47:56.534 [info] > git for-each-ref --format=%(refname)%00%(upstream:short)%00%(objectname)%00%(upstream:track)%00%(upstream:remotename)%00%(upstream:remoteref) refs/heads/main refs/remotes/main [3ms]
2024-06-06 01:47:56.548 [info] > git status -z -uall [2ms]
2024-06-06 01:47:56.625 [info] > git ls-files --stage -- /home/lichti/.local/share/chezmoi/dot_zshrc [1ms]
2024-06-06 01:47:56.630 [info] > git cat-file -s e5b38f157979ae70c73c8deb72b5eedba358e67a [1ms]
2024-06-06 01:47:56.637 [info] > git show --textconv :dot_zshrc [1ms]
2024-06-06 01:47:58.729 [info] > git show --textconv :.git/COMMIT_EDITMSG [12ms]
2024-06-06 01:47:58.739 [info] > git ls-files --stage -- /home/lichti/.local/share/chezmoi/.git/COMMIT_EDITMSG [11ms]
2024-06-06 01:47:59.018 [info] > git check-ignore -v -z --stdin [2ms]
2024-06-06 01:47:59.598 [info] > git ls-files --stage -- /home/lichti/.local/share/chezmoi/.git/COMMIT_EDITMSG [2ms]
2024-06-06 01:47:59.607 [info] > git show --textconv :.git/COMMIT_EDITMSG [2ms]
2024-06-06 01:48:59.804 [info] > git show --textconv HEAD:dot_zshrc [10ms]
2024-06-06 01:48:59.804 [info] > git show --textconv :dot_zshrc [7ms]
2024-06-06 01:48:59.804 [info] > git ls-files --stage -- /home/lichti/.local/share/chezmoi/dot_zshrc [1ms]
2024-06-06 01:48:59.807 [info] > git ls-tree -l HEAD -- /home/lichti/.local/share/chezmoi/dot_zshrc [7ms]
2024-06-06 01:48:59.808 [info] > git cat-file -s e5b38f157979ae70c73c8deb72b5eedba358e67a [1ms]
2024-06-06 01:49:00.119 [info] > git ls-files --stage -- /home/lichti/.local/share/chezmoi/dot_zshrc [13ms]
2024-06-06 01:49:00.125 [info] > git cat-file -s e5b38f157979ae70c73c8deb72b5eedba358e67a [1ms]
2024-06-06 01:49:00.311 [info] > git check-ignore -v -z --stdin [1ms]
2024-06-06 01:49:02.393 [info] > git ls-tree -l HEAD -- /home/lichti/.local/share/chezmoi/dot_zshrc [1ms]
2024-06-06 01:49:07.791 [info] > git ls-tree -l HEAD -- /home/lichti/.local/share/chezmoi/dot_zshrc [6ms]
2024-06-06 01:49:07.791 [info] > git ls-files --stage -- /home/lichti/.local/share/chezmoi/dot_zshrc [1ms]
2024-06-06 01:49:07.796 [info] > git cat-file -s e5b38f157979ae70c73c8deb72b5eedba358e67a [1ms]
2024-06-06 01:49:13.191 [info] > git ls-tree -l HEAD -- /home/lichti/.local/share/chezmoi/dot_zshrc [3ms]
2024-06-06 01:49:13.193 [info] > git ls-files --stage -- /home/lichti/.local/share/chezmoi/dot_zshrc [2ms]
2024-06-06 01:49:13.197 [info] > git cat-file -s e5b38f157979ae70c73c8deb72b5eedba358e67a [1ms]
2024-06-06 01:49:16.514 [info] > git show --textconv :.git/COMMIT_EDITMSG [6ms]
2024-06-06 01:49:16.515 [info] > git ls-files --stage -- /home/lichti/.local/share/chezmoi/.git/COMMIT_EDITMSG [2ms]
2024-06-06 01:49:20.333 [info] > git for-each-ref --sort -committerdate --format %(refname) %(objectname) %(*objectname) [8ms]
2024-06-06 01:49:20.344 [info] > git for-each-ref --sort -committerdate --format %(refname) %(objectname) %(*objectname) [7ms]
2024-06-06 01:49:20.352 [info] > git for-each-ref --format=%(refname)%00%(upstream:short)%00%(objectname)%00%(upstream:track)%00%(upstream:remotename)%00%(upstream:remoteref) refs/heads/main refs/remotes/main [5ms]
2024-06-06 01:49:20.352 [info] > git for-each-ref --format=%(refname)%00%(upstream:short)%00%(objectname)%00%(upstream:track)%00%(upstream:remotename)%00%(upstream:remoteref) refs/heads/main refs/remotes/main [9ms]
2024-06-06 01:49:20.356 [info] > git for-each-ref --sort -committerdate --format %(refname) %(objectname) %(*objectname) [5ms]
2024-06-06 01:49:20.357 [info] > git for-each-ref --format=%(refname)%00%(upstream:short)%00%(objectname)%00%(upstream:track)%00%(upstream:remotename)%00%(upstream:remoteref) refs/heads/main refs/remotes/main [1ms]
2024-06-06 01:49:20.361 [info] > git for-each-ref --format=%(refname)%00%(upstream:short)%00%(objectname)%00%(upstream:track)%00%(upstream:remotename)%00%(upstream:remoteref) refs/heads/main refs/remotes/main [1ms]
2024-06-06 01:49:25.038 [info] > git for-each-ref --sort -committerdate --format %(refname) %(objectname) %(*objectname) [6ms]
2024-06-06 01:49:25.038 [info] > git for-each-ref --sort -committerdate --format %(refname) %(objectname) %(*objectname) [10ms]
2024-06-06 01:49:25.043 [info] > git for-each-ref --format=%(refname)%00%(upstream:short)%00%(objectname)%00%(upstream:track)%00%(upstream:remotename)%00%(upstream:remoteref) refs/heads/main refs/remotes/main [2ms]
2024-06-06 01:49:26.508 [info] > git for-each-ref --sort -committerdate --format %(refname) %(objectname) %(*objectname) [11ms]
2024-06-06 01:49:53.011 [info] > git show --textconv :.git/COMMIT_EDITMSG [5ms]
2024-06-06 01:49:53.011 [info] > git ls-files --stage -- /home/lichti/.local/share/chezmoi/.git/COMMIT_EDITMSG [1ms]
2024-06-06 01:49:54.061 [info] > git -c user.useConfigOnly=true commit --quiet [115659ms]
2024-06-06 01:49:54.061 [info] Aborting commit due to empty commit message.
2024-06-06 01:49:54.067 [info] > git config --get commit.template [1ms]
2024-06-06 01:49:54.071 [info] > git for-each-ref --format=%(refname)%00%(upstream:short)%00%(objectname)%00%(upstream:track)%00%(upstream:remotename)%00%(upstream:remoteref) refs/heads/main refs/remotes/main [1ms]
2024-06-06 01:49:54.075 [info] > git status -z -uall [1ms]
2024-06-06 01:49:54.328 [info] > git show --textconv :dot_zshrc [22ms]
2024-06-06 01:49:54.328 [info] > git ls-files --stage -- /home/lichti/.local/share/chezmoi/dot_zshrc [12ms]
2024-06-06 01:49:54.338 [info] > git cat-file -s e5b38f157979ae70c73c8deb72b5eedba358e67a [1ms]
2024-06-06 01:50:08.448 [info] > git show --textconv :.git/COMMIT_EDITMSG [13ms]
2024-06-06 01:50:08.450 [info] > git ls-files --stage -- /home/lichti/.local/share/chezmoi/.git/COMMIT_EDITMSG [3ms]
2024-06-06 01:50:09.321 [info] > git ls-files --stage -- /home/lichti/.local/share/chezmoi/.git/COMMIT_EDITMSG [1ms]
2024-06-06 01:50:09.336 [info] > git show --textconv :.git/COMMIT_EDITMSG [3ms]
2024-06-06 01:50:16.746 [info] > git ls-files --stage -- /home/lichti/.local/share/chezmoi/.git/COMMIT_EDITMSG [2ms]
2024-06-06 01:50:16.763 [info] > git show --textconv :.git/COMMIT_EDITMSG [4ms]
2024-06-06 01:50:32.169 [info] > git -c user.useConfigOnly=true commit --quiet [24042ms]
2024-06-06 01:50:32.179 [info] > git config --get commit.template [2ms]
2024-06-06 01:50:32.184 [info] > git for-each-ref --format=%(refname)%00%(upstream:short)%00%(objectname)%00%(upstream:track)%00%(upstream:remotename)%00%(upstream:remoteref) refs/heads/main refs/remotes/main [1ms]
2024-06-06 01:50:32.188 [info] > git status -z -uall [1ms]
2024-06-06 01:50:32.194 [info] > git merge-base refs/heads/main refs/remotes/origin/main [2ms]
2024-06-06 01:50:32.199 [info] > git rev-list --count --left-right refs/heads/main...refs/remotes/origin/main [1ms]
2024-06-06 01:50:32.203 [info] > git diff --name-status -z --diff-filter=ADMR 3af4735659eb777c67733fbaaee47b0f7f803b8c...refs/remotes/origin/main [1ms]
2024-06-06 01:50:32.209 [info] > git merge-base refs/heads/main refs/remotes/origin/main [1ms]
2024-06-06 01:50:32.212 [info] > git rev-list --count --left-right refs/heads/main...refs/remotes/origin/main [1ms]
2024-06-06 01:50:32.220 [info] > git config --get commit.template [4ms]
2024-06-06 01:50:32.221 [info] > git for-each-ref --format=%(refname)%00%(upstream:short)%00%(objectname)%00%(upstream:track)%00%(upstream:remotename)%00%(upstream:remoteref) refs/heads/main refs/remotes/main [1ms]
2024-06-06 01:50:32.224 [info] > git status -z -uall [0ms]
2024-06-06 01:50:32.554 [info] > git show --textconv :dot_zshrc [14ms]
2024-06-06 01:50:32.555 [info] > git ls-files --stage -- /home/lichti/.local/share/chezmoi/dot_zshrc [2ms]
2024-06-06 01:50:32.567 [info] > git cat-file -s e5b38f157979ae70c73c8deb72b5eedba358e67a [2ms]
2024-06-06 01:50:40.425 [info] > git log --oneline --cherry main...main@{upstream} -- [1ms]
2024-06-06 01:50:41.625 [info] > git ls-files --stage -- /home/lichti/.local/share/chezmoi/dot_zshrc [3ms]
2024-06-06 01:50:41.634 [info] > git cat-file -s e5b38f157979ae70c73c8deb72b5eedba358e67a [1ms]
2024-06-06 01:50:41.645 [info] > git show --textconv :dot_zshrc [2ms]
2024-06-06 01:50:42.157 [info] > git pull --tags origin main [1729ms]
2024-06-06 01:50:42.157 [info] From github.com:root9191/dotfiles
 * branch            main       -> FETCH_HEAD
2024-06-06 01:50:43.400 [info] > git ls-files --stage -- /home/lichti/.local/share/chezmoi/dot_zshrc [1ms]
2024-06-06 01:50:43.404 [info] > git cat-file -s e5b38f157979ae70c73c8deb72b5eedba358e67a [1ms]
2024-06-06 01:50:43.408 [info] > git show --textconv :dot_zshrc [1ms]
2024-06-06 01:50:44.046 [info] > git push origin main:main [1878ms]
2024-06-06 01:50:44.046 [info] To github.com:root9191/dotfiles.git
   3af4735..d0fdb71  main -> main
2024-06-06 01:50:44.070 [info] > git config --get commit.template [10ms]
2024-06-06 01:50:44.072 [info] > git for-each-ref --format=%(refname)%00%(upstream:short)%00%(objectname)%00%(upstream:track)%00%(upstream:remotename)%00%(upstream:remoteref) refs/heads/main refs/remotes/main [3ms]
2024-06-06 01:50:44.083 [info] > git status -z -uall [2ms]
2024-06-06 01:50:44.096 [info] > git merge-base refs/heads/main refs/remotes/origin/main [3ms]
2024-06-06 01:50:44.107 [info] > git rev-list --count --left-right refs/heads/main...refs/remotes/origin/main [4ms]
2024-06-06 01:50:44.111 [info] > git merge-base refs/heads/main refs/remotes/origin/main [4ms]
2024-06-06 01:50:44.114 [info] > git diff --name-status -z --diff-filter=ADMR d0fdb7141b65ce6e4945c35bd306a3c4d2b1cd53...refs/remotes/origin/main [4ms]
2024-06-06 01:50:44.114 [info] > git rev-list --count --left-right refs/heads/main...refs/remotes/origin/main [0ms]
2024-06-06 01:50:45.163 [info] > git config --get commit.template [14ms]
2024-06-06 01:50:45.164 [info] > git for-each-ref --format=%(refname)%00%(upstream:short)%00%(objectname)%00%(upstream:track)%00%(upstream:remotename)%00%(upstream:remoteref) refs/heads/main refs/remotes/main [2ms]
2024-06-06 01:50:45.178 [info] > git status -z -uall [2ms]
2024-06-06 01:50:45.248 [info] > git ls-files --stage -- /home/lichti/.local/share/chezmoi/dot_zshrc [1ms]
2024-06-06 01:50:45.258 [info] > git cat-file -s e5b38f157979ae70c73c8deb72b5eedba358e67a [3ms]
2024-06-06 01:50:45.276 [info] > git show --textconv :dot_zshrc [3ms]
2024-06-06 01:50:50.195 [info] > git config --get commit.template [5ms]
2024-06-06 01:50:50.195 [info] > git for-each-ref --format=%(refname)%00%(upstream:short)%00%(objectname)%00%(upstream:track)%00%(upstream:remotename)%00%(upstream:remoteref) refs/heads/main refs/remotes/main [1ms]
2024-06-06 01:50:50.200 [info] > git status -z -uall [0ms]
2024-06-06 01:55:17.643 [info] > git show --textconv :dot_zshrc [5ms]
2024-06-06 01:55:17.644 [info] > git ls-files --stage -- /home/lichti/.local/share/chezmoi/dot_zshrc [1ms]
2024-06-06 01:55:17.649 [info] > git cat-file -s e5b38f157979ae70c73c8deb72b5eedba358e67a [1ms]
2024-06-06 02:09:34.637 [info] > git show --textconv :README.md [4ms]
2024-06-06 02:09:34.637 [info] > git ls-files --stage -- /home/lichti/.local/share/chezmoi/README.md [1ms]
2024-06-06 02:09:34.641 [info] > git cat-file -s b8df370849e4a17961406a5e38dccdb5ba12d3bd [1ms]
2024-06-06 02:09:39.628 [info] > git config --get commit.template [3ms]
2024-06-06 02:09:39.638 [info] > git for-each-ref --format=%(refname)%00%(upstream:short)%00%(objectname)%00%(upstream:track)%00%(upstream:remotename)%00%(upstream:remoteref) refs/heads/main refs/remotes/main [2ms]
2024-06-06 02:09:39.648 [info] > git status -z -uall [3ms]
2024-06-06 02:09:44.414 [info] > git show --textconv :id_git.pub [6ms]
2024-06-06 02:09:44.415 [info] > git ls-files --stage -- /home/lichti/.local/share/chezmoi/id_git.pub [1ms]
2024-06-06 02:09:44.420 [info] > git cat-file -s 96c1fe15490cb862483a67e132523b7f8d334aa4 [0ms]
2024-06-06 02:09:57.099 [info] > git show --textconv :README.md [6ms]
2024-06-06 02:09:57.101 [info] > git ls-files --stage -- /home/lichti/.local/share/chezmoi/README.md [2ms]
2024-06-06 02:09:57.111 [info] > git cat-file -s b8df370849e4a17961406a5e38dccdb5ba12d3bd [2ms]
2024-06-06 02:09:58.004 [info] > git config --get commit.template [12ms]
2024-06-06 02:09:58.006 [info] > git for-each-ref --format=%(refname)%00%(upstream:short)%00%(objectname)%00%(upstream:track)%00%(upstream:remotename)%00%(upstream:remoteref) refs/heads/main refs/remotes/main [5ms]
2024-06-06 02:09:58.025 [info] > git status -z -uall [3ms]
2024-06-06 02:10:14.703 [info] > git check-ignore -v -z --stdin [1ms]
2024-06-06 02:10:15.267 [info] > git config --get commit.template [6ms]
2024-06-06 02:10:15.269 [info] > git for-each-ref --format=%(refname)%00%(upstream:short)%00%(objectname)%00%(upstream:track)%00%(upstream:remotename)%00%(upstream:remoteref) refs/heads/main refs/remotes/main [1ms]
2024-06-06 02:10:15.275 [info] > git status -z -uall [1ms]
2024-06-06 02:10:51.296 [info] > git rev-parse --show-toplevel [1ms]
2024-06-06 02:10:51.331 [info] > git rev-parse --show-toplevel [1ms]
2024-06-06 02:11:12.976 [info] > git rev-parse --show-toplevel [2ms]
2024-06-06 02:12:46.162 [info] > git check-ignore -v -z --stdin [1ms]
2024-06-06 02:12:46.728 [info] > git config --get commit.template [10ms]
2024-06-06 02:12:46.729 [info] > git for-each-ref --format=%(refname)%00%(upstream:short)%00%(objectname)%00%(upstream:track)%00%(upstream:remotename)%00%(upstream:remoteref) refs/heads/main refs/remotes/main [3ms]
2024-06-06 02:12:46.741 [info] > git status -z -uall [2ms]
2024-06-06 02:13:11.587 [info] > git rev-parse --show-toplevel [1ms]
2024-06-06 02:13:11.615 [info] > git rev-parse --show-toplevel [1ms]
2024-06-06 02:13:42.117 [info] > git check-ignore -v -z --stdin [3ms]
2024-06-06 02:13:42.687 [info] > git config --get commit.template [11ms]
2024-06-06 02:13:42.689 [info] > git for-each-ref --format=%(refname)%00%(upstream:short)%00%(objectname)%00%(upstream:track)%00%(upstream:remotename)%00%(upstream:remoteref) refs/heads/main refs/remotes/main [3ms]
2024-06-06 02:13:42.707 [info] > git status -z -uall [4ms]
2024-06-06 02:14:24.691 [info] > git show --textconv :.ssh/id_git [6ms]
2024-06-06 02:14:24.691 [info] > git ls-files --stage -- /home/lichti/.local/share/chezmoi/.ssh/id_git [1ms]
2024-06-06 02:14:24.964 [info] > git check-ignore -v -z --stdin [1ms]
2024-06-06 02:14:25.555 [info] > git config --get commit.template [9ms]
2024-06-06 02:14:25.557 [info] > git for-each-ref --format=%(refname)%00%(upstream:short)%00%(objectname)%00%(upstream:track)%00%(upstream:remotename)%00%(upstream:remoteref) refs/heads/main refs/remotes/main [3ms]
2024-06-06 02:14:25.570 [info] > git status -z -uall [3ms]
2024-06-06 02:14:40.252 [info] > git check-ignore -v -z --stdin [2ms]
2024-06-06 02:14:40.831 [info] > git config --get commit.template [18ms]
2024-06-06 02:14:40.833 [info] > git for-each-ref --format=%(refname)%00%(upstream:short)%00%(objectname)%00%(upstream:track)%00%(upstream:remotename)%00%(upstream:remoteref) refs/heads/main refs/remotes/main [4ms]
2024-06-06 02:14:40.849 [info] > git status -z -uall [2ms]
2024-06-06 02:14:45.924 [info] > git show --textconv :.ssh/id_rsa [5ms]
2024-06-06 02:14:45.924 [info] > git ls-files --stage -- /home/lichti/.local/share/chezmoi/.ssh/id_rsa [1ms]
2024-06-06 02:14:46.304 [info] > git show --textconv :.ssh/id_rsa.pub [5ms]
2024-06-06 02:14:46.304 [info] > git ls-files --stage -- /home/lichti/.local/share/chezmoi/.ssh/id_rsa.pub [1ms]
2024-06-06 02:14:47.642 [info] > git show --textconv :.ssh/id_git [9ms]
2024-06-06 02:14:47.644 [info] > git ls-files --stage -- /home/lichti/.local/share/chezmoi/.ssh/id_git [3ms]
2024-06-06 02:14:48.217 [info] > git show --textconv :.ssh/id_git.pub [4ms]
2024-06-06 02:14:48.217 [info] > git ls-files --stage -- /home/lichti/.local/share/chezmoi/.ssh/id_git.pub [1ms]
2024-06-06 02:15:14.932 [info] Log level: Info
2024-06-06 02:15:14.932 [info] Validating found git in: "git"
2024-06-06 02:15:14.932 [info] Using git "2.45.2" from "git"
2024-06-06 02:15:14.932 [info] > git rev-parse --show-toplevel [7ms]
2024-06-06 02:15:14.955 [info] > git rev-parse --git-dir --git-common-dir [16ms]
2024-06-06 02:15:14.960 [info] Open repository: /home/lichti/.local/share/chezmoi
2024-06-06 02:15:14.973 [info] > git rev-parse --show-toplevel [7ms]
2024-06-06 02:15:14.973 [info] fatal: not a git repository (or any parent up to mount point /)
Stopping at filesystem boundary (GIT_DISCOVERY_ACROSS_FILESYSTEM not set).
2024-06-06 02:15:14.974 [info] > git config --get commit.template [10ms]
2024-06-06 02:15:14.986 [info] > git for-each-ref --format=%(refname)%00%(upstream:short)%00%(objectname)%00%(upstream:track)%00%(upstream:remotename)%00%(upstream:remoteref) refs/heads/main refs/remotes/main [2ms]
2024-06-06 02:15:14.987 [info] > git rev-parse --show-toplevel [7ms]
2024-06-06 02:15:14.997 [info] > git rev-parse --show-toplevel [4ms]
2024-06-06 02:15:15.004 [info] > git rev-parse --show-toplevel [4ms]
2024-06-06 02:15:15.004 [info] fatal: not a git repository (or any parent up to mount point /)
Stopping at filesystem boundary (GIT_DISCOVERY_ACROSS_FILESYSTEM not set).
2024-06-06 02:15:15.008 [info] > git status -z -uall [4ms]
2024-06-06 02:15:15.022 [info] > git merge-base refs/heads/main refs/remotes/origin/main [10ms]
2024-06-06 02:15:15.025 [info] > git ls-files --stage -- /home/lichti/.local/share/chezmoi/.ssh/id_git.pub [17ms]
2024-06-06 02:15:15.028 [info] > git rev-list --count --left-right refs/heads/main...refs/remotes/origin/main [3ms]
2024-06-06 02:15:15.031 [info] > git config --get commit.template [14ms]
2024-06-06 02:15:15.034 [info] > git diff --name-status -z --diff-filter=ADMR d0fdb7141b65ce6e4945c35bd306a3c4d2b1cd53...refs/remotes/origin/main [4ms]
2024-06-06 02:15:15.037 [info] > git show --textconv :.ssh/id_git.pub [3ms]
2024-06-06 02:15:15.038 [info] > git for-each-ref --format=%(refname)%00%(upstream:short)%00%(objectname)%00%(upstream:track)%00%(upstream:remotename)%00%(upstream:remoteref) refs/heads/main refs/remotes/main [1ms]
2024-06-06 02:15:15.042 [info] > git status -z -uall [1ms]
2024-06-06 02:15:15.511 [info] > git check-ignore -v -z --stdin [2ms]
2024-06-06 02:15:37.193 [info] > git rev-parse --show-toplevel [1ms]
2024-06-06 02:15:37.193 [info] fatal: not a git repository (or any parent up to mount point /)
Stopping at filesystem boundary (GIT_DISCOVERY_ACROSS_FILESYSTEM not set).
2024-06-06 02:16:06.595 [info] > git check-ignore -v -z --stdin [2ms]
2024-06-06 02:16:07.170 [info] > git config --get commit.template [10ms]
2024-06-06 02:16:07.171 [info] > git for-each-ref --format=%(refname)%00%(upstream:short)%00%(objectname)%00%(upstream:track)%00%(upstream:remotename)%00%(upstream:remoteref) refs/heads/main refs/remotes/main [4ms]
2024-06-06 02:16:07.182 [info] > git status -z -uall [3ms]
2024-06-06 02:16:08.809 [info] > git check-ignore -v -z --stdin [1ms]
2024-06-06 02:16:10.621 [info] > git show --textconv :.ssh/id_rsa [9ms]
2024-06-06 02:16:10.623 [info] > git ls-files --stage -- /home/lichti/.local/share/chezmoi/.ssh/id_rsa [4ms]
2024-06-06 02:16:11.086 [info] > git show --textconv :.ssh/id_git.pub [6ms]
2024-06-06 02:16:11.087 [info] > git ls-files --stage -- /home/lichti/.local/share/chezmoi/.ssh/id_git.pub [2ms]
2024-06-06 02:17:28.264 [info] > git rev-parse --show-toplevel [7ms]
2024-06-06 02:17:28.264 [info] fatal: not a git repository (or any parent up to mount point /)
Stopping at filesystem boundary (GIT_DISCOVERY_ACROSS_FILESYSTEM not set).
2024-06-06 02:17:39.723 [info] > git show --textconv :.ssh/id_git.pub [4ms]
2024-06-06 02:17:39.724 [info] > git ls-files --stage -- /home/lichti/.local/share/chezmoi/.ssh/id_git.pub [2ms]
2024-06-06 02:17:44.037 [info] > git show --textconv :.vscode-oss/settings.json [11ms]
2024-06-06 02:17:44.039 [info] > git ls-files --stage -- /home/lichti/.local/share/chezmoi/.vscode-oss/settings.json [3ms]
2024-06-06 02:17:44.308 [info] > git check-ignore -v -z --stdin [1ms]
2024-06-06 02:17:44.870 [info] > git config --get commit.template [5ms]
2024-06-06 02:17:44.870 [info] > git for-each-ref --format=%(refname)%00%(upstream:short)%00%(objectname)%00%(upstream:track)%00%(upstream:remotename)%00%(upstream:remoteref) refs/heads/main refs/remotes/main [1ms]
2024-06-06 02:17:44.876 [info] > git status -z -uall [1ms]
2024-06-06 02:18:19.013 [info] > git show --textconv :.ssh/id_git.pub [7ms]
2024-06-06 02:18:19.015 [info] > git ls-files --stage -- /home/lichti/.local/share/chezmoi/.ssh/id_git.pub [2ms]
2024-06-06 02:18:19.876 [info] > git config --get commit.template [13ms]
2024-06-06 02:18:19.878 [info] > git for-each-ref --format=%(refname)%00%(upstream:short)%00%(objectname)%00%(upstream:track)%00%(upstream:remotename)%00%(upstream:remoteref) refs/heads/main refs/remotes/main [4ms]
2024-06-06 02:18:19.892 [info] > git status -z -uall [2ms]
2024-06-06 02:18:20.215 [info] > git show --textconv :.ssh/id_git [3ms]
2024-06-06 02:18:20.229 [info] > git ls-files --stage -- /home/lichti/.local/share/chezmoi/.ssh/id_git [3ms]
2024-06-06 02:18:25.338 [info] > git config --get commit.template [10ms]
2024-06-06 02:18:25.340 [info] > git for-each-ref --format=%(refname)%00%(upstream:short)%00%(objectname)%00%(upstream:track)%00%(upstream:remotename)%00%(upstream:remoteref) refs/heads/main refs/remotes/main [4ms]
2024-06-06 02:18:25.352 [info] > git status -z -uall [3ms]
2024-06-06 02:18:32.509 [info] > git check-ignore -v -z --stdin [2ms]
2024-06-06 02:18:33.068 [info] > git config --get commit.template [5ms]
2024-06-06 02:18:33.069 [info] > git for-each-ref --format=%(refname)%00%(upstream:short)%00%(objectname)%00%(upstream:track)%00%(upstream:remotename)%00%(upstream:remoteref) refs/heads/main refs/remotes/main [1ms]
2024-06-06 02:18:33.074 [info] > git status -z -uall [1ms]
2024-06-06 02:18:34.823 [info] > git merge-base refs/heads/main refs/remotes/origin/main [1ms]
2024-06-06 02:18:34.827 [info] > git rev-list --count --left-right refs/heads/main...refs/remotes/origin/main [1ms]
2024-06-06 02:18:35.378 [info] > git check-ignore -v -z --stdin [2ms]
2024-06-06 02:18:47.649 [info] > git add -A -- . [7ms]
2024-06-06 02:18:47.656 [info] > git -c user.useConfigOnly=true commit --quiet --allow-empty-message --file - [3ms]
2024-06-06 02:18:47.661 [info] > git config --get commit.template [1ms]
2024-06-06 02:18:47.673 [info] > git config --get commit.template [5ms]
2024-06-06 02:18:47.673 [info] > git for-each-ref --format=%(refname)%00%(upstream:short)%00%(objectname)%00%(upstream:track)%00%(upstream:remotename)%00%(upstream:remoteref) refs/heads/main refs/remotes/main [1ms]
2024-06-06 02:18:47.678 [info] > git status -z -uall [1ms]
2024-06-06 02:18:47.685 [info] > git merge-base refs/heads/main refs/remotes/origin/main [4ms]
2024-06-06 02:18:47.692 [info] > git rev-list --count --left-right refs/heads/main...refs/remotes/origin/main [3ms]
2024-06-06 02:18:47.695 [info] > git merge-base refs/heads/main refs/remotes/origin/main [4ms]
2024-06-06 02:18:47.698 [info] > git diff --name-status -z --diff-filter=ADMR d0fdb7141b65ce6e4945c35bd306a3c4d2b1cd53...refs/remotes/origin/main [4ms]
2024-06-06 02:18:47.703 [info] > git rev-list --count --left-right refs/heads/main...refs/remotes/origin/main [6ms]
2024-06-06 02:18:47.703 [info] > git config --get commit.template [0ms]
2024-06-06 02:18:47.707 [info] > git for-each-ref --format=%(refname)%00%(upstream:short)%00%(objectname)%00%(upstream:track)%00%(upstream:remotename)%00%(upstream:remoteref) refs/heads/main refs/remotes/main [1ms]
2024-06-06 02:18:47.710 [info] > git status -z -uall [0ms]
2024-06-06 02:18:48.744 [info] > git config --get commit.template [2ms]
2024-06-06 02:18:48.754 [info] > git for-each-ref --format=%(refname)%00%(upstream:short)%00%(objectname)%00%(upstream:track)%00%(upstream:remotename)%00%(upstream:remoteref) refs/heads/main refs/remotes/main [3ms]
2024-06-06 02:18:48.765 [info] > git status -z -uall [3ms]
2024-06-06 02:18:50.615 [info] > git log --oneline --cherry main...main@{upstream} -- [1ms]
2024-06-06 02:18:52.194 [info] > git pull --tags origin main [1576ms]
2024-06-06 02:18:52.194 [info] From github.com:root9191/dotfiles
 * branch            main       -> FETCH_HEAD
2024-06-06 02:18:54.167 [info] > git push origin main:main [1961ms]
2024-06-06 02:18:54.167 [info] To github.com:root9191/dotfiles.git
   d0fdb71..5173888  main -> main
2024-06-06 02:18:54.189 [info] > git config --get commit.template [11ms]
2024-06-06 02:18:54.191 [info] > git for-each-ref --format=%(refname)%00%(upstream:short)%00%(objectname)%00%(upstream:track)%00%(upstream:remotename)%00%(upstream:remoteref) refs/heads/main refs/remotes/main [3ms]
2024-06-06 02:18:54.205 [info] > git status -z -uall [3ms]
2024-06-06 02:18:54.227 [info] > git merge-base refs/heads/main refs/remotes/origin/main [11ms]
2024-06-06 02:18:54.232 [info] > git merge-base refs/heads/main refs/remotes/origin/main [5ms]
2024-06-06 02:18:54.235 [info] > git rev-list --count --left-right refs/heads/main...refs/remotes/origin/main [4ms]
2024-06-06 02:18:54.238 [info] > git rev-list --count --left-right refs/heads/main...refs/remotes/origin/main [3ms]
2024-06-06 02:18:54.239 [info] > git diff --name-status -z --diff-filter=ADMR 5173888ef5d0e6a66e2e99f11c09cfc99e099831...refs/remotes/origin/main [1ms]
2024-06-06 02:18:55.268 [info] > git config --get commit.template [11ms]
2024-06-06 02:18:55.268 [info] > git for-each-ref --format=%(refname)%00%(upstream:short)%00%(objectname)%00%(upstream:track)%00%(upstream:remotename)%00%(upstream:remoteref) refs/heads/main refs/remotes/main [1ms]
2024-06-06 02:18:55.280 [info] > git status -z -uall [4ms]
2024-06-06 02:19:46.356 [info] > git config --get commit.template [3ms]
2024-06-06 02:19:46.357 [info] > git for-each-ref --format=%(refname)%00%(upstream:short)%00%(objectname)%00%(upstream:track)%00%(upstream:remotename)%00%(upstream:remoteref) refs/heads/main refs/remotes/main [1ms]
2024-06-06 02:19:46.361 [info] > git status -z -uall [1ms]
2024-06-06 02:19:57.452 [info] > git config --get commit.template [5ms]
2024-06-06 02:19:57.453 [info] > git for-each-ref --format=%(refname)%00%(upstream:short)%00%(objectname)%00%(upstream:track)%00%(upstream:remotename)%00%(upstream:remoteref) refs/heads/main refs/remotes/main [2ms]
2024-06-06 02:19:57.459 [info] > git status -z -uall [1ms]
2024-06-06 02:20:06.010 [info] > git check-ignore -v -z --stdin [2ms]
2024-06-06 02:20:09.098 [info] > git check-ignore -v -z --stdin [4ms]
2024-06-06 02:20:15.750 [info] > git check-ignore -v -z --stdin [4ms]
2024-06-06 02:20:26.948 [info] > git check-ignore -v -z --stdin [2ms]
2024-06-06 02:20:30.083 [info] > git config --get commit.template [3ms]
2024-06-06 02:20:30.084 [info] > git for-each-ref --format=%(refname)%00%(upstream:short)%00%(objectname)%00%(upstream:track)%00%(upstream:remotename)%00%(upstream:remoteref) refs/heads/main refs/remotes/main [0ms]
2024-06-06 02:20:30.088 [info] > git status -z -uall [1ms]
2024-06-06 02:20:38.569 [info] > git check-ignore -v -z --stdin [3ms]
2024-06-06 02:20:39.189 [info] > git config --get commit.template [3ms]
2024-06-06 02:20:39.189 [info] > git for-each-ref --format=%(refname)%00%(upstream:short)%00%(objectname)%00%(upstream:track)%00%(upstream:remotename)%00%(upstream:remoteref) refs/heads/main refs/remotes/main [1ms]
2024-06-06 02:20:39.195 [info] > git status -z -uall [1ms]
2024-06-06 02:20:45.368 [info] > git config --get commit.template [3ms]
2024-06-06 02:20:45.368 [info] > git for-each-ref --format=%(refname)%00%(upstream:short)%00%(objectname)%00%(upstream:track)%00%(upstream:remotename)%00%(upstream:remoteref) refs/heads/main refs/remotes/main [1ms]
2024-06-06 02:20:45.372 [info] > git status -z -uall [1ms]
2024-06-06 02:20:54.821 [info] > git check-ignore -v -z --stdin [3ms]
2024-06-06 02:21:24.936 [info] > git config --get commit.template [4ms]
2024-06-06 02:21:24.937 [info] > git for-each-ref --format=%(refname)%00%(upstream:short)%00%(objectname)%00%(upstream:track)%00%(upstream:remotename)%00%(upstream:remoteref) refs/heads/main refs/remotes/main [1ms]
2024-06-06 02:21:24.941 [info] > git status -z -uall [0ms]
2024-06-06 02:21:44.673 [info] > git check-ignore -v -z --stdin [1ms]
2024-06-06 02:21:50.477 [info] > git config --get commit.template [4ms]
2024-06-06 02:21:50.477 [info] > git for-each-ref --format=%(refname)%00%(upstream:short)%00%(objectname)%00%(upstream:track)%00%(upstream:remotename)%00%(upstream:remoteref) refs/heads/main refs/remotes/main [1ms]
2024-06-06 02:21:50.482 [info] > git status -z -uall [1ms]
2024-06-06 02:23:38.714 [info] > git config --get commit.template [4ms]
2024-06-06 02:23:38.715 [info] > git for-each-ref --format=%(refname)%00%(upstream:short)%00%(objectname)%00%(upstream:track)%00%(upstream:remotename)%00%(upstream:remoteref) refs/heads/main refs/remotes/main [1ms]
2024-06-06 02:23:38.721 [info] > git status -z -uall [2ms]
2024-06-06 02:23:48.870 [info] > git show --textconv :private_dot_zsh_history [12ms]
2024-06-06 02:23:48.872 [info] > git ls-files --stage -- /home/lichti/.local/share/chezmoi/private_dot_zsh_history [3ms]
2024-06-06 02:24:00.861 [info] > git show --textconv :dot_zshrc [3ms]
2024-06-06 02:24:00.862 [info] > git ls-files --stage -- /home/lichti/.local/share/chezmoi/dot_zshrc [1ms]
2024-06-06 02:24:02.467 [info] > git show --textconv :private_dot_zsh_history [6ms]
2024-06-06 02:24:02.468 [info] > git ls-files --stage -- /home/lichti/.local/share/chezmoi/private_dot_zsh_history [1ms]
2024-06-06 02:24:13.508 [info] > git check-ignore -v -z --stdin [3ms]
2024-06-06 02:24:35.819 [info] > git show --textconv :private_dot_ssh/id_git.pub [4ms]
2024-06-06 02:24:35.820 [info] > git ls-files --stage -- /home/lichti/.local/share/chezmoi/private_dot_ssh/id_git.pub [1ms]
2024-06-06 02:25:06.459 [info] > git config --get commit.template [12ms]
2024-06-06 02:25:06.460 [info] > git for-each-ref --format=%(refname)%00%(upstream:short)%00%(objectname)%00%(upstream:track)%00%(upstream:remotename)%00%(upstream:remoteref) refs/heads/main refs/remotes/main [3ms]
2024-06-06 02:25:06.471 [info] > git status -z -uall [3ms]
2024-06-06 02:28:18.548 [info] > git check-ignore -v -z --stdin [1ms]
2024-06-06 02:28:20.386 [info] > git check-ignore -v -z --stdin [2ms]
2024-06-06 02:28:21.616 [info] > git config --get commit.template [1ms]
2024-06-06 02:28:21.627 [info] > git for-each-ref --format=%(refname)%00%(upstream:short)%00%(objectname)%00%(upstream:track)%00%(upstream:remotename)%00%(upstream:remoteref) refs/heads/main refs/remotes/main [3ms]
2024-06-06 02:28:21.635 [info] > git status -z -uall [1ms]
2024-06-06 02:28:26.667 [info] > git config --get commit.template [14ms]
2024-06-06 02:28:26.669 [info] > git for-each-ref --format=%(refname)%00%(upstream:short)%00%(objectname)%00%(upstream:track)%00%(upstream:remotename)%00%(upstream:remoteref) refs/heads/main refs/remotes/main [4ms]
2024-06-06 02:28:26.685 [info] > git status -z -uall [4ms]
2024-06-06 02:30:42.760 [info] > git rev-parse --show-toplevel [0ms]
2024-06-06 02:30:42.760 [info] fatal: not a git repository (or any parent up to mount point /)
Stopping at filesystem boundary (GIT_DISCOVERY_ACROSS_FILESYSTEM not set).
2024-06-06 02:36:20.724 [info] > git show --textconv :private_dot_ssh/id_git.pub [4ms]
2024-06-06 02:36:20.724 [info] > git ls-files --stage -- /home/lichti/.local/share/chezmoi/private_dot_ssh/id_git.pub [1ms]
2024-06-06 02:36:35.067 [info] > git show --textconv :private_dot_ssh/id_git.pub [7ms]
2024-06-06 02:36:35.068 [info] > git ls-files --stage -- /home/lichti/.local/share/chezmoi/private_dot_ssh/id_git.pub [2ms]
