[2024-06-04 03:11:40] No local config file found. Using default.
[2024-06-04 03:11:40] No local config file found. Using default.
[2024-06-04 03:11:40] Safemode enabled: false
[2024-06-04 03:11:40] No local config file found. Using default.
[2024-06-04 03:11:40] No local config file found. Using default.
[2024-06-04 03:11:41] Joining (load_mods_js)...
[2024-06-04 03:11:41] No local plugin dir found. Using default.
[2024-06-04 03:11:41] No local plugin dir found. Using default.
[2024-06-04 03:11:41] No local plugin dir found. Using default.
[2024-06-04 03:11:41] Plugins updated
[2024-06-04 03:11:41] No local plugin dir found. Using default.
[2024-06-04 03:11:41] No local plugin dir found. Using default.
[2024-06-04 03:11:41] No local config file found. Using default.
[2024-06-04 03:11:41] No local config file found. Using default.
[2024-06-04 03:11:41] No local config file found. Using default.
[2024-06-04 03:11:41] No local config file found. Using default.
[2024-06-04 03:11:41] No local config file found. Using default.
[2024-06-04 03:11:41] No local config file found. Using default.
[2024-06-04 03:11:41] No local config file found. Using default.
[2024-06-04 03:11:41] No local config file found. Using default.
[2024-06-04 03:11:41] No local config file found. Using default.
[2024-06-04 03:11:41] No local config file found. Using default.
[2024-06-04 03:11:41] No local config file found. Using default.
[2024-06-04 03:11:41] No local config file found. Using default.
[2024-06-04 03:11:41] Autolaunch enabled: false
[2024-06-04 03:11:42] No local config file found. Using default.
[2024-06-04 03:11:42] No local config file found. Using default.
[2024-06-04 03:11:42] No local config file found. Using default.
[2024-06-04 03:11:42] No local config file found. Using default.
[2024-06-04 03:11:42] No local plugin dir found. Using default.
[2024-06-04 03:11:42] No local plugin dir found. Using default.
[2024-06-04 03:11:42] No local config file found. Using default.
[2024-06-04 03:11:42] No local config file found. Using default.
[2024-06-04 03:11:42] No local plugin dir found. Using default.
[2024-06-04 03:11:44] Setting notification count: 0
[2024-06-04 03:11:45] No local config file found. Using default.
[2024-06-04 03:11:45] No local config file found. Using default.
[2024-06-04 03:11:45] No local config file found. Using default.
[2024-06-04 03:11:45] No local config file found. Using default.
[2024-06-04 03:11:45] Checking for updates...
[2024-06-04 03:11:45] Checking for updates...
[2024-06-04 03:11:46] Setting notification count: 1719
[2024-06-04 03:12:36] Setting notification count: 1719
[2024-06-04 03:12:48] No local config file found. Using default.
[2024-06-04 03:12:48] No local config file found. Using default.
[2024-06-04 03:12:48] No local config file found. Using default.
[2024-06-04 03:12:48] No local config file found. Using default.
[2024-06-04 03:12:48] Setting notification count: 1719
[2024-06-04 03:12:49] No local config file found. Using default.
[2024-06-04 03:12:49] No local config file found. Using default.
[2024-06-04 03:12:49] No local theme dir found. Using default.
[2024-06-04 03:12:49] Setting notification count: 1719
[2024-06-04 03:12:56] No local config file found. Using default.
[2024-06-04 03:12:56] No local config file found. Using default.
[2024-06-04 03:12:56] Setting notification count: 1719
[2024-06-04 03:13:25] Setting notification count: 1719
[2024-06-04 03:13:27] Setting notification count: 1719
[2024-06-04 03:13:28] Setting notification count: 1719
[2024-06-04 03:13:29] Setting notification count: 1719
[2024-06-04 03:13:30] Setting notification count: 1719
[2024-06-04 03:13:34] Setting notification count: 1719
[2024-06-04 03:13:35] Setting notification count: 1719
[2024-06-04 03:13:36] Setting notification count: 1719
[2024-06-04 03:13:38] Setting notification count: 1719
[2024-06-04 03:13:42] No local config file found. Using default.
[2024-06-04 03:13:42] No local config file found. Using default.
[2024-06-04 03:13:42] No local config file found. Using default.
[2024-06-04 03:13:42] No local config file found. Using default.
